<?xml version="1.0" encoding="UTF-8"?>
<!-- Generated by org.testng.reporters.JUnitReportReporter -->
<testsuite hostname="MERT" failures="0" tests="1" name="Training1.Peppythings.MainPageTest" time="4.440" errors="0" timestamp="2022-08-27T08:50:09 TRT" skipped="0">
  <testcase classname="Training1.Peppythings.MainPageTest" name="firstTest" time="4.440"/>
  <system-out/>
</testsuite> <!-- Training1.Peppythings.MainPageTest -->
