<?xml version="1.0" encoding="UTF-8"?>
<!-- Generated by org.testng.reporters.JUnitReportReporter -->
<testsuite hostname="MERT" failures="0" tests="1" name="Training1.Peppythings.TextileTest2" time="0.403" errors="0" timestamp="2022-08-12T15:55:22 TRT" skipped="0">
  <testcase classname="Training1.Peppythings.TextileTest2" name="textileButtonOpentextilePage" time="0.403"/>
  <system-out/>
</testsuite> <!-- Training1.Peppythings.TextileTest2 -->
