<?xml version="1.0" encoding="UTF-8"?>
<!-- Generated by org.testng.reporters.JUnitReportReporter -->
<testsuite hostname="MERT" failures="0" tests="1" name="Training1.Peppythings.LogoTest" time="0.040" errors="0" timestamp="2022-08-12T14:07:42 TRT" skipped="0">
  <testcase classname="Training1.Peppythings.LogoTest" name="firstTest" time="0.040"/>
  <system-out/>
</testsuite> <!-- Training1.Peppythings.LogoTest -->
