<?xml version="1.0" encoding="UTF-8"?>
<!-- Generated by org.testng.reporters.JUnitReportReporter -->
<testsuite hostname="MERT" failures="0" tests="1" name="Training1.Peppythings.TextileTest" time="33.852" errors="0" timestamp="2022-08-27T08:50:09 TRT" skipped="0">
  <testcase classname="Training1.Peppythings.TextileTest" name="textileButtonOpentextilePage" time="33.852"/>
  <system-out/>
</testsuite> <!-- Training1.Peppythings.TextileTest -->
